<?xml version="1.0" encoding="UTF-8"?>
<testsuite name="C:/Users/SherineAntony/IdeaProjects/APIAutomation"
           tests="4"
           failures="0"
           errors="0"
           skipped="0"
           time="8.031">
    <properties></properties>



            <testcase
                name="testCreateBooking"
                time="4.350"
                classname="org.example.Tests.Integration.TCIntegrationFlow">
            </testcase>
            <testcase
                name="testVerifyBookingId"
                time="1.233"
                classname="org.example.Tests.Integration.TCIntegrationFlow">
            </testcase>
            <testcase
                name="testUpdateBookingById"
                time="1.241"
                classname="org.example.Tests.Integration.TCIntegrationFlow">
            </testcase>
            <testcase
                name="testDeleteBookingById"
                time="1.207"
                classname="org.example.Tests.Integration.TCIntegrationFlow">
            </testcase>
</testsuite>
