<?xml version="1.0" encoding="UTF-8"?>
<testsuite name="C:/Users/SherineAntony/IdeaProjects/APIAutomation"
           tests="2"
           failures="0"
           errors="0"
           skipped="0"
           time="4.529">
    <properties></properties>



            <testcase
                name="testCreateBooking"
                time="3.367"
                classname="org.example.Tests.CrudOp.testCreateBookingPost">
            </testcase>
            <testcase
                name="testCreateBookingNeg"
                time="1.162"
                classname="org.example.Tests.CrudOp.testCreateBookingPost">
            </testcase>
</testsuite>
