<?xml version="1.0" encoding="UTF-8"?>
<testsuite name="APIAutomation"
           tests="1"
           failures="1"
           errors="0"
           skipped="0"
           time="0.000">
    <properties></properties>

            <testcase
                name="testVWOLogin"
                time="0.000"
                classname="org.example.Tests.Data_Driven_Testing.vwoLoginAPITest">

            <failure type="java.lang.RuntimeException" message="java.lang.NullPointerException: Cannot invoke &quot;java.io.InputStream.markSupported()&quot; because &quot;stream&quot; is null">
                <![CDATA[java.lang.RuntimeException: java.lang.NullPointerException: Cannot invoke "java.io.InputStream.markSupported()" because "stream" is null
                org.testng.internal.invokers.MethodInvocationHelper.invokeMethodNoCheckedException(MethodInvocationHelper.java:58)org.testng.internal.invokers.MethodInvocationHelper.invokeDataProvider(MethodInvocationHelper.java:159)org.testng.internal.Parameters.handleParameters(Parameters.java:809)org.testng.internal.Parameters.handleParameters(Parameters.java:734)org.testng.internal.invokers.ParameterHandler.handleParameters(ParameterHandler.java:72)org.testng.internal.invokers.ParameterHandler.createParameters(ParameterHandler.java:51)org.testng.internal.invokers.TestInvoker$MethodInvocationAgent.invoke(TestInvoker.java:946)org.testng.internal.invokers.TestInvoker.invokeTestMethods(TestInvoker.java:203)org.testng.internal.invokers.TestMethodWorker.invokeTestMethods(TestMethodWorker.java:154)org.testng.internal.invokers.TestMethodWorker.run(TestMethodWorker.java:134)java.base/java.util.ArrayList.forEach(ArrayList.java:1511)org.testng.TestRunner.privateRun(TestRunner.java:739)org.testng.TestRunner.run(TestRunner.java:614)org.testng.SuiteRunner.runTest(SuiteRunner.java:421)org.testng.SuiteRunner.runSequentially(SuiteRunner.java:413)org.testng.SuiteRunner.privateRun(SuiteRunner.java:373)org.testng.SuiteRunner.run(SuiteRunner.java:312)org.testng.SuiteRunnerWorker.runSuite(SuiteRunnerWorker.java:52)org.testng.SuiteRunnerWorker.run(SuiteRunnerWorker.java:95)org.testng.TestNG.runSuitesSequentially(TestNG.java:1274)org.testng.TestNG.runSuitesLocally(TestNG.java:1208)org.testng.TestNG.runSuites(TestNG.java:1112)org.testng.TestNG.run(TestNG.java:1079)com.intellij.rt.testng.IDEARemoteTestNG.run(IDEARemoteTestNG.java:65)com.intellij.rt.testng.RemoteTestNGStarter.main(RemoteTestNGStarter.java:105)
                    Caused by: java.lang.NullPointerException: Cannot invoke "java.io.InputStream.markSupported()" because "stream" is null
                    org.apache.poi.poifs.filesystem.FileMagic.prepareToCheckMagic(FileMagic.java:222)org.apache.poi.ss.usermodel.WorkbookFactory.create(WorkbookFactory.java:214)org.apache.poi.ss.usermodel.WorkbookFactory.create(WorkbookFactory.java:185)org.example.Utils.UtilsExcel.getTestData(UtilsExcel.java:36)org.example.Utils.UtilsExcel.getData(UtilsExcel.java:58)java.base/jdk.internal.reflect.DirectMethodHandleAccessor.invoke(DirectMethodHandleAccessor.java:104)java.base/java.lang.reflect.Method.invoke(Method.java:578)org.testng.internal.invokers.MethodInvocationHelper.invokeMethod(MethodInvocationHelper.java:141)org.testng.internal.invokers.MethodInvocationHelper.invokeMethod(MethodInvocationHelper.java:86)org.testng.internal.invokers.MethodInvocationHelper.invokeMethodNoCheckedException(MethodInvocationHelper.java:54)org.testng.internal.invokers.MethodInvocationHelper.invokeDataProvider(MethodInvocationHelper.java:159)org.testng.internal.Parameters.handleParameters(Parameters.java:809)org.testng.internal.Parameters.handleParameters(Parameters.java:734)org.testng.internal.invokers.ParameterHandler.handleParameters(ParameterHandler.java:72)org.testng.internal.invokers.ParameterHandler.createParameters(ParameterHandler.java:51)org.testng.internal.invokers.TestInvoker$MethodInvocationAgent.invoke(TestInvoker.java:946)org.testng.internal.invokers.TestInvoker.invokeTestMethods(TestInvoker.java:203)org.testng.internal.invokers.TestMethodWorker.invokeTestMethods(TestMethodWorker.java:154)org.testng.internal.invokers.TestMethodWorker.run(TestMethodWorker.java:134)java.base/java.util.ArrayList.forEach(ArrayList.java:1511)org.testng.TestRunner.privateRun(TestRunner.java:739)org.testng.TestRunner.run(TestRunner.java:614)org.testng.SuiteRunner.runTest(SuiteRunner.java:421)org.testng.SuiteRunner.runSequentially(SuiteRunner.java:413)org.testng.SuiteRunner.privateRun(SuiteRunner.java:373)org.testng.SuiteRunner.run(SuiteRunner.java:312)org.testng.SuiteRunnerWorker.runSuite(SuiteRunnerWorker.java:52)org.testng.SuiteRunnerWorker.run(SuiteRunnerWorker.java:95)org.testng.TestNG.runSuitesSequentially(TestNG.java:1274)org.testng.TestNG.runSuitesLocally(TestNG.java:1208)org.testng.TestNG.runSuites(TestNG.java:1112)org.testng.TestNG.run(TestNG.java:1079)com.intellij.rt.testng.IDEARemoteTestNG.run(IDEARemoteTestNG.java:65)com.intellij.rt.testng.RemoteTestNGStarter.main(RemoteTestNGStarter.java:105)
                ]]>
            </failure>
    </testcase>


</testsuite>
